<?xml version="1.0"?>
<checkstyle><file name="modules/contrib/site_alert/tests/src/Functional/DrushCommandsTest.php"><error line="16" message="Drupal\Tests\BrowserTestBase::$defaultTheme is required. See https://www.drupal.org/node/3083055, which includes recommendations on which theme to use." severity="error"/></file><file name="modules/contrib/site_alert/tests/src/FunctionalJavascript/SiteAlertWebDriverTestBase.php"><error line="88" message="Call to deprecated method assertElementPresent() of class Drupal\Tests\BrowserTestBase. Deprecated in drupal:8.2.0 and is removed from drupal:10.0.0. Use $this-&gt;assertSession()-&gt;elementExists() instead." severity="error"/><error line="99" message="Call to deprecated method assertElementNotPresent() of class Drupal\Tests\BrowserTestBase. Deprecated in drupal:8.2.0 and is removed from drupal:10.0.0. Use $this-&gt;assertSession()-&gt;elementNotExists() instead." severity="error"/><error line="117" message="Call to deprecated method assertElementPresent() of class Drupal\Tests\BrowserTestBase. Deprecated in drupal:8.2.0 and is removed from drupal:10.0.0. Use $this-&gt;assertSession()-&gt;elementExists() instead." severity="error"/><error line="124" message="Call to deprecated method assertElementNotPresent() of class Drupal\Tests\BrowserTestBase. Deprecated in drupal:8.2.0 and is removed from drupal:10.0.0. Use $this-&gt;assertSession()-&gt;elementNotExists() instead." severity="error"/><error line="131" message="Call to deprecated method assertElementPresent() of class Drupal\Tests\BrowserTestBase. Deprecated in drupal:8.2.0 and is removed from drupal:10.0.0. Use $this-&gt;assertSession()-&gt;elementExists() instead." severity="error"/><error line="138" message="Call to deprecated method assertElementNotPresent() of class Drupal\Tests\BrowserTestBase. Deprecated in drupal:8.2.0 and is removed from drupal:10.0.0. Use $this-&gt;assertSession()-&gt;elementNotExists() instead." severity="error"/></file><file name="modules/contrib/site_alert/site_alert.info.yml"><error line="0" message="Value of core_version_requirement: ^8 || ^9 is not compatible with the next major version of Drupal core. See https://drupal.org/node/3070687." severity="error"/></file></checkstyle>

